+ date -Is
2024-08-09T12:44:13-03:00
+ echo 'Iniciando instalação da TA'
+ echo 'Aviso: A instalação automática somente funcionará caso o diretório de instalação'
+ echo 'seja igual ao do readme. Caso a instalação tenha sido feita num diretório diferente,'
+ echo 'o processo terá de ser feito manualmente.'
+ echo 'Deseja continuar com a instalação? (s/n): '
+ read resposta
+ [[ s =~ ^[Ss]$ ]]
+ echo 'Continuando com a instalação...'
++ dirname ./install.sh
+ CURRENT_DIR=.
+ SOURCE_DIR=./ola_mundo
+ '[' '!' -d ./ola_mundo ']'
+ USER_HOME=/home/eduardo
+ OPTEE_QEMU_PATH=/home/eduardo/optee_qemu
+ OPTEE_RASP_PATH=/home/eduardo/optee_rasp
+ echo 'Verificando instalação do OP-TEE para Qemu'
+ '[' -d /home/eduardo/optee_qemu ']'
+ echo 'A instalação do OP-TEE para Qemu não foi encontrada'
+ echo 'Verificando instalação do OP-TEE para Raspberry Pi'
+ '[' -d /home/eduardo/optee_rasp ']'
+ move_to_optee_examples /home/eduardo/optee_rasp
+ DEST_DIR=/home/eduardo/optee_rasp/optee_examples
+ '[' -d /home/eduardo/optee_rasp/optee_examples ']'
+ echo 'Iniciando instalação da TA'
+ cp -r ./ola_mundo /home/eduardo/optee_rasp/optee_examples
+ '[' 0 -eq 0 ']'
+ echo 'Instalação bem-sucedida'
Instalação bem-sucedida
+ echo 'Fim da instalação'
